Job launching after 0.45 seconds in submission.
Running python job.
Changed into dir /Users/naveenmirapuri/PycharmProjects/SpearmintImplementation/Spearmint-master/MNIST
Importing experiment.py
Using TensorFlow backend.
Running experiment.main()
Anything printed here will end up in the output directory for job #5
{u'num_units': array([100]), u'filters': array([15])}
Downloading data from https://s3.amazonaws.com/img-datasets/mnist.npz

   16384/11490434 [..............................] - ETA: 0s
   24576/11490434 [..............................] - ETA: 2:49
   40960/11490434 [..............................] - ETA: 2:49
   57344/11490434 [..............................] - ETA: 2:32
   73728/11490434 [..............................] - ETA: 2:31
   90112/11490434 [..............................] - ETA: 2:23
  106496/11490434 [..............................] - ETA: 2:18
  122880/11490434 [..............................] - ETA: 2:27
  139264/11490434 [..............................] - ETA: 2:16
  163840/11490434 [..............................] - ETA: 2:01
  180224/11490434 [..............................] - ETA: 2:00
  196608/11490434 [..............................] - ETA: 1:54
  212992/11490434 [..............................] - ETA: 1:49
  229376/11490434 [..............................] - ETA: 1:46
  245760/11490434 [..............................] - ETA: 1:46
  262144/11490434 [..............................] - ETA: 1:42
  278528/11490434 [..............................] - ETA: 1:40
  303104/11490434 [..............................] - ETA: 1:34
  319488/11490434 [..............................] - ETA: 1:32
  335872/11490434 [..............................] - ETA: 1:30
  352256/11490434 [..............................] - ETA: 1:28
  368640/11490434 [..............................] - ETA: 1:29
  385024/11490434 [>.............................] - ETA: 1:27
  401408/11490434 [>.............................] - ETA: 1:26
  417792/11490434 [>.............................] - ETA: 1:24
  442368/11490434 [>.............................] - ETA: 1:21
  458752/11490434 [>.............................] - ETA: 1:20
  475136/11490434 [>.............................] - ETA: 1:19
  491520/11490434 [>.............................] - ETA: 1:18
  524288/11490434 [>.............................] - ETA: 1:15
  540672/11490434 [>.............................] - ETA: 1:14
  557056/11490434 [>.............................] - ETA: 1:14
  581632/11490434 [>.............................] - ETA: 1:12
  598016/11490434 [>.............................] - ETA: 1:11
  614400/11490434 [>.............................] - ETA: 1:11
  630784/11490434 [>.............................] - ETA: 1:10
  647168/11490434 [>.............................] - ETA: 1:10
  679936/11490434 [>.............................] - ETA: 1:08
  696320/11490434 [>.............................] - ETA: 1:09
  720896/11490434 [>.............................] - ETA: 1:07
  753664/11490434 [>.............................] - ETA: 1:05
  770048/11490434 [=>............................] - ETA: 1:05
  802816/11490434 [=>............................] - ETA: 1:03
  819200/11490434 [=>............................] - ETA: 1:03
  860160/11490434 [=>............................] - ETA: 1:01
  876544/11490434 [=>............................] - ETA: 1:00
  909312/11490434 [=>............................] - ETA: 59s 
  942080/11490434 [=>............................] - ETA: 58s
  974848/11490434 [=>............................] - ETA: 56s
 1015808/11490434 [=>............................] - ETA: 55s
 1048576/11490434 [=>............................] - ETA: 54s
 1081344/11490434 [=>............................] - ETA: 53s
 1114112/11490434 [=>............................] - ETA: 52s
 1171456/11490434 [==>...........................] - ETA: 50s
 1204224/11490434 [==>...........................] - ETA: 49s
 1236992/11490434 [==>...........................] - ETA: 48s
 1294336/11490434 [==>...........................] - ETA: 46s
 1343488/11490434 [==>...........................] - ETA: 45s
 1392640/11490434 [==>...........................] - ETA: 44s
 1449984/11490434 [==>...........................] - ETA: 42s
 1499136/11490434 [==>...........................] - ETA: 41s
 1556480/11490434 [===>..........................] - ETA: 40s
 1605632/11490434 [===>..........................] - ETA: 39s
 1654784/11490434 [===>..........................] - ETA: 38s
 1728512/11490434 [===>..........................] - ETA: 37s
 1777664/11490434 [===>..........................] - ETA: 36s
 1851392/11490434 [===>..........................] - ETA: 35s
 1916928/11490434 [====>.........................] - ETA: 34s
 1990656/11490434 [====>.........................] - ETA: 32s
 2056192/11490434 [====>.........................] - ETA: 32s
 2129920/11490434 [====>.........................] - ETA: 31s
 2195456/11490434 [====>.........................] - ETA: 30s
 2285568/11490434 [====>.........................] - ETA: 29s
 2351104/11490434 [=====>........................] - ETA: 28s
 2441216/11490434 [=====>........................] - ETA: 27s
 2506752/11490434 [=====>........................] - ETA: 26s
 2596864/11490434 [=====>........................] - ETA: 25s
 2686976/11490434 [======>.......................] - ETA: 25s
 2768896/11490434 [======>.......................] - ETA: 24s
 2842624/11490434 [======>.......................] - ETA: 23s
 2940928/11490434 [======>.......................] - ETA: 22s
 3031040/11490434 [======>.......................] - ETA: 22s
 3121152/11490434 [=======>......................] - ETA: 21s
 3219456/11490434 [=======>......................] - ETA: 20s
 3309568/11490434 [=======>......................] - ETA: 20s
 3416064/11490434 [=======>......................] - ETA: 19s
 3506176/11490434 [========>.....................] - ETA: 19s
 3604480/11490434 [========>.....................] - ETA: 18s
 3710976/11490434 [========>.....................] - ETA: 17s
 3817472/11490434 [========>.....................] - ETA: 17s
 3923968/11490434 [=========>....................] - ETA: 16s
 4022272/11490434 [=========>....................] - ETA: 16s
 4128768/11490434 [=========>....................] - ETA: 15s
 4235264/11490434 [==========>...................] - ETA: 15s
 4358144/11490434 [==========>...................] - ETA: 14s
 4456448/11490434 [==========>...................] - ETA: 14s
 4579328/11490434 [==========>...................] - ETA: 13s
 4685824/11490434 [===========>..................] - ETA: 13s
 4808704/11490434 [===========>..................] - ETA: 12s
 4931584/11490434 [===========>..................] - ETA: 12s
 5054464/11490434 [============>.................] - ETA: 12s
 5177344/11490434 [============>.................] - ETA: 11s
 5292032/11490434 [============>.................] - ETA: 11s
 5414912/11490434 [=============>................] - ETA: 10s
 5537792/11490434 [=============>................] - ETA: 10s
 5677056/11490434 [=============>................] - ETA: 10s
 5799936/11490434 [==============>...............] - ETA: 9s 
 5922816/11490434 [==============>...............] - ETA: 9s
 6062080/11490434 [==============>...............] - ETA: 9s
 6201344/11490434 [===============>..............] - ETA: 8s
 6340608/11490434 [===============>..............] - ETA: 8s
 6479872/11490434 [===============>..............] - ETA: 8s
 6635520/11490434 [================>.............] - ETA: 7s
 6791168/11490434 [================>.............] - ETA: 7s
 6946816/11490434 [=================>............] - ETA: 6s
 7102464/11490434 [=================>............] - ETA: 6s
 7266304/11490434 [=================>............] - ETA: 6s
 7421952/11490434 [==================>...........] - ETA: 5s
 7593984/11490434 [==================>...........] - ETA: 5s
 7749632/11490434 [===================>..........] - ETA: 5s
 7921664/11490434 [===================>..........] - ETA: 5s
 8101888/11490434 [====================>.........] - ETA: 4s
 8273920/11490434 [====================>.........] - ETA: 4s
 8445952/11490434 [=====================>........] - ETA: 4s
 8617984/11490434 [=====================>........] - ETA: 3s
 8798208/11490434 [=====================>........] - ETA: 3s
 8986624/11490434 [======================>.......] - ETA: 3s
 9158656/11490434 [======================>.......] - ETA: 2s
 9347072/11490434 [=======================>......] - ETA: 2s
 9543680/11490434 [=======================>......] - ETA: 2s
 9732096/11490434 [========================>.....] - ETA: 2s
 9928704/11490434 [========================>.....] - ETA: 1s
10117120/11490434 [=========================>....] - ETA: 1s
10330112/11490434 [=========================>....] - ETA: 1s
10518528/11490434 [==========================>...] - ETA: 1s
10723328/11490434 [==========================>...] - ETA: 0s
10936320/11490434 [===========================>..] - ETA: 0s
11141120/11490434 [============================>.] - ETA: 0s
11354112/11490434 [============================>.] - ETA: 0s
11493376/11490434 [==============================] - 13s 1us/step

11501568/11490434 [==============================] - 13s 1us/step
model created
2018-09-01 15:10:35.675372: I tensorflow/core/platform/cpu_feature_guard.cc:141] Your CPU supports instructions that this TensorFlow binary was not compiled to use: AVX2 FMA
compiled, now fitting...
Epoch 1/10

   32/60000 [..............................] - ETA: 22:33 - loss: 2.2992
   96/60000 [..............................] - ETA: 8:37 - loss: 2.3057 
  128/60000 [..............................] - ETA: 7:00 - loss: 2.2805
  160/60000 [..............................] - ETA: 6:02 - loss: 2.2756
  192/60000 [..............................] - ETA: 5:30 - loss: 2.2581
  224/60000 [..............................] - ETA: 5:04 - loss: 2.2454
  256/60000 [..............................] - ETA: 4:40 - loss: 2.2328
  288/60000 [..............................] - ETA: 4:24 - loss: 2.2387
  320/60000 [..............................] - ETA: 4:07 - loss: 2.2353
  384/60000 [..............................] - ETA: 3:37 - loss: 2.2185
  448/60000 [..............................] - ETA: 3:15 - loss: 2.2097
  512/60000 [..............................] - ETA: 2:59 - loss: 2.1915
  576/60000 [..............................] - ETA: 2:46 - loss: 2.1745
  640/60000 [..............................] - ETA: 2:39 - loss: 2.1542
  672/60000 [..............................] - ETA: 2:44 - loss: 2.1438
  704/60000 [..............................] - ETA: 2:42 - loss: 2.1291
  736/60000 [..............................] - ETA: 2:40 - loss: 2.1175
  768/60000 [..............................] - ETA: 2:40 - loss: 2.1021
  800/60000 [..............................] - ETA: 2:40 - loss: 2.0933
  832/60000 [..............................] - ETA: 2:38 - loss: 2.0844
  864/60000 [..............................] - ETA: 2:36 - loss: 2.0676
  928/60000 [..............................] - ETA: 2:30 - loss: 2.0469
  992/60000 [..............................] - ETA: 2:24 - loss: 2.0186
 1056/60000 [..............................] - ETA: 2:19 - loss: 1.9814
 1088/60000 [..............................] - ETA: 2:22 - loss: 1.9646
 1120/60000 [..............................] - ETA: 2:27 - loss: 1.9522
 1152/60000 [..............................] - ETA: 2:26 - loss: 1.9390
 1184/60000 [..............................] - ETA: 2:25 - loss: 1.9218
 1216/60000 [..............................] - ETA: 2:25 - loss: 1.8983
 1280/60000 [..............................] - ETA: 2:21 - loss: 1.8659
 1344/60000 [..............................] - ETA: 2:17 - loss: 1.8413
 1408/60000 [..............................] - ETA: 2:14 - loss: 1.8115
 1472/60000 [..............................] - ETA: 2:12 - loss: 1.7920
 1504/60000 [..............................] - ETA: 2:11 - loss: 1.7738
 1536/60000 [..............................] - ETA: 2:13 - loss: 1.7581
 1568/60000 [..............................] - ETA: 2:12 - loss: 1.7459
 1600/60000 [..............................] - ETA: 2:12 - loss: 1.7341
 1632/60000 [..............................] - ETA: 2:12 - loss: 1.7232
 1664/60000 [..............................] - ETA: 2:13 - loss: 1.7118
 1728/60000 [..............................] - ETA: 2:10 - loss: 1.6942
 1792/60000 [..............................] - ETA: 2:09 - loss: 1.6772
 1824/60000 [..............................] - ETA: 2:08 - loss: 1.6620
 1888/60000 [..............................] - ETA: 2:07 - loss: 1.6383
 1952/60000 [..............................] - ETA: 2:08 - loss: 1.6198
 1984/60000 [..............................] - ETA: 2:08 - loss: 1.6091
 2016/60000 [>.............................] - ETA: 2:08 - loss: 1.6017
 2048/60000 [>.............................] - ETA: 2:08 - loss: 1.5904
 2080/60000 [>.............................] - ETA: 2:08 - loss: 1.5817
 2144/60000 [>.............................] - ETA: 2:07 - loss: 1.5726
 2208/60000 [>.............................] - ETA: 2:05 - loss: 1.5505
 2272/60000 [>.............................] - ETA: 2:04 - loss: 1.5336
 2304/60000 [>.............................] - ETA: 2:04 - loss: 1.5251
 2336/60000 [>.............................] - ETA: 2:06 - loss: 1.5190
 2368/60000 [>.............................] - ETA: 2:06 - loss: 1.5109
 2400/60000 [>.............................] - ETA: 2:05 - loss: 1.4998
 2432/60000 [>.............................] - ETA: 2:05 - loss: 1.4884
 2464/60000 [>.............................] - ETA: 2:05 - loss: 1.4805
 2528/60000 [>.............................] - ETA: 2:03 - loss: 1.4704
 2592/60000 [>.............................] - ETA: 2:02 - loss: 1.4574
 2624/60000 [>.............................] - ETA: 2:02 - loss: 1.4506
 2656/60000 [>.............................] - ETA: 2:01 - loss: 1.4415
 2688/60000 [>.............................] - ETA: 2:03 - loss: 1.4349
 2720/60000 [>.............................] - ETA: 2:03 - loss: 1.4301
 2752/60000 [>.............................] - ETA: 2:03 - loss: 1.4275
 2784/60000 [>.............................] - ETA: 2:03 - loss: 1.4185
 2816/60000 [>.............................] - ETA: 2:03 - loss: 1.4114
 2880/60000 [>.............................] - ETA: 2:02 - loss: 1.3997
 2944/60000 [>.............................] - ETA: 2:01 - loss: 1.3892
 3008/60000 [>.............................] - ETA: 1:59 - loss: 1.3755
 3040/60000 [>.............................] - ETA: 2:02 - loss: 1.3700
 3072/60000 [>.............................] - ETA: 2:02 - loss: 1.3655
 3104/60000 [>.............................] - ETA: 2:02 - loss: 1.3573
 3136/60000 [>.............................] - ETA: 2:02 - loss: 1.3524
 3168/60000 [>.............................] - ETA: 2:02 - loss: 1.3477
 3232/60000 [>.............................] - ETA: 2:00 - loss: 1.3377
 3296/60000 [>.............................] - ETA: 1:59 - loss: 1.3320
 3360/60000 [>.............................] - ETA: 1:58 - loss: 1.3210
 3392/60000 [>.............................] - ETA: 2:01 - loss: 1.3159
 3424/60000 [>.............................] - ETA: 2:01 - loss: 1.3120
 3456/60000 [>.............................] - ETA: 2:01 - loss: 1.3053
 3488/60000 [>.............................] - ETA: 2:01 - loss: 1.3042
 3520/60000 [>.............................] - ETA: 2:01 - loss: 1.3024
 3584/60000 [>.............................] - ETA: 1:59 - loss: 1.2923
 3648/60000 [>.............................] - ETA: 1:58 - loss: 1.2832
 3712/60000 [>.............................] - ETA: 1:57 - loss: 1.2735
 3776/60000 [>.............................] - ETA: 1:56 - loss: 1.2659
 3840/60000 [>.............................] - ETA: 1:56 - loss: 1.2551
 3872/60000 [>.............................] - ETA: 1:57 - loss: 1.2510
 3904/60000 [>.............................] - ETA: 1:57 - loss: 1.2494
 3936/60000 [>.............................] - ETA: 1:57 - loss: 1.2452
 3968/60000 [>.............................] - ETA: 1:57 - loss: 1.2395
 4032/60000 [=>............................] - ETA: 1:57 - loss: 1.2319
 4096/60000 [=>............................] - ETA: 1:56 - loss: 1.2223
 4160/60000 [=>............................] - ETA: 1:55 - loss: 1.2132
 4224/60000 [=>............................] - ETA: 1:54 - loss: 1.2056
 4288/60000 [=>............................] - ETA: 1:53 - loss: 1.1991
 4352/60000 [=>............................] - ETA: 1:53 - loss: 1.1910
 4384/60000 [=>............................] - ETA: 1:54 - loss: 1.1869
 4416/60000 [=>............................] - ETA: 1:54 - loss: 1.1824
 4448/60000 [=>............................] - ETA: 1:54 - loss: 1.1785
 4480/60000 [=>............................] - ETA: 1:54 - loss: 1.1745
 4512/60000 [=>............................] - ETA: 1:54 - loss: 1.1696
 4576/60000 [=>............................] - ETA: 1:53 - loss: 1.1600
 4640/60000 [=>............................] - ETA: 1:53 - loss: 1.1532
 4704/60000 [=>............................] - ETA: 1:52 - loss: 1.1453
 4768/60000 [=>............................] - ETA: 1:51 - loss: 1.1372
 4832/60000 [=>............................] - ETA: 1:50 - loss: 1.1360
 4864/60000 [=>............................] - ETA: 1:52 - loss: 1.1317
 4896/60000 [=>............................] - ETA: 1:52 - loss: 1.1327
 4928/60000 [=>............................] - ETA: 1:52 - loss: 1.1299
 4960/60000 [=>............................] - ETA: 1:52 - loss: 1.1259
 4992/60000 [=>............................] - ETA: 1:52 - loss: 1.1236
 5056/60000 [=>............................] - ETA: 1:51 - loss: 1.1155
 5120/60000 [=>............................] - ETA: 1:50 - loss: 1.1084
 5184/60000 [=>............................] - ETA: 1:50 - loss: 1.1029
 5248/60000 [=>............................] - ETA: 1:49 - loss: 1.0964
 5312/60000 [=>............................] - ETA: 1:48 - loss: 1.0923
 5344/60000 [=>............................] - ETA: 1:49 - loss: 1.0886
 5376/60000 [=>............................] - ETA: 1:49 - loss: 1.0879
 5408/60000 [=>............................] - ETA: 1:49 - loss: 1.0866
 5440/60000 [=>............................] - ETA: 1:50 - loss: 1.0845
 5472/60000 [=>............................] - ETA: 1:50 - loss: 1.0812
 5504/60000 [=>............................] - ETA: 1:50 - loss: 1.0776
 5568/60000 [=>............................] - ETA: 1:49 - loss: 1.0710
 5632/60000 [=>............................] - ETA: 1:48 - loss: 1.0637
 5696/60000 [=>............................] - ETA: 1:48 - loss: 1.0593
 5760/60000 [=>............................] - ETA: 1:47 - loss: 1.0529
 5824/60000 [=>............................] - ETA: 1:46 - loss: 1.0489
 5888/60000 [=>............................] - ETA: 1:48 - loss: 1.0430
 5920/60000 [=>............................] - ETA: 1:48 - loss: 1.0388
 5952/60000 [=>............................] - ETA: 1:48 - loss: 1.0365
 5984/60000 [=>............................] - ETA: 1:48 - loss: 1.0341
 6016/60000 [==>...........................] - ETA: 1:48 - loss: 1.0300
 6080/60000 [==>...........................] - ETA: 1:47 - loss: 1.0241
 6144/60000 [==>...........................] - ETA: 1:46 - loss: 1.0198
 6208/60000 [==>...........................] - ETA: 1:46 - loss: 1.0146
 6272/60000 [==>...........................] - ETA: 1:45 - loss: 1.0086
 6336/60000 [==>...........................] - ETA: 1:46 - loss: 1.0047
 6368/60000 [==>...........................] - ETA: 1:46 - loss: 1.0032
 6400/60000 [==>...........................] - ETA: 1:46 - loss: 1.0019
 6432/60000 [==>...........................] - ETA: 1:46 - loss: 1.0009
 6464/60000 [==>...........................] - ETA: 1:46 - loss: 0.9974
 6528/60000 [==>...........................] - ETA: 1:46 - loss: 0.9910
 6592/60000 [==>...........................] - ETA: 1:45 - loss: 0.9874
 6656/60000 [==>...........................] - ETA: 1:45 - loss: 0.9817
 6720/60000 [==>...........................] - ETA: 1:44 - loss: 0.9809
 6784/60000 [==>...........................] - ETA: 1:45 - loss: 0.9754
 6816/60000 [==>...........................] - ETA: 1:45 - loss: 0.9730
 6848/60000 [==>...........................] - ETA: 1:45 - loss: 0.9713
 6880/60000 [==>...........................] - ETA: 1:45 - loss: 0.9684
 6912/60000 [==>...........................] - ETA: 1:45 - loss: 0.9660
 6976/60000 [==>...........................] - ETA: 1:44 - loss: 0.9612
 7008/60000 [==>...........................] - ETA: 1:44 - loss: 0.9586
 7040/60000 [==>...........................] - ETA: 1:44 - loss: 0.9559
 7104/60000 [==>...........................] - ETA: 1:44 - loss: 0.9526
 7136/60000 [==>...........................] - ETA: 1:44 - loss: 0.9504
 7168/60000 [==>...........................] - ETA: 1:44 - loss: 0.9482
 7200/60000 [==>...........................] - ETA: 1:44 - loss: 0.9464
 7232/60000 [==>...........................] - ETA: 1:44 - loss: 0.9438
 7264/60000 [==>...........................] - ETA: 1:44 - loss: 0.9422
 7296/60000 [==>...........................] - ETA: 1:44 - loss: 0.9425
 7360/60000 [==>...........................] - ETA: 1:44 - loss: 0.9368
 7424/60000 [==>...........................] - ETA: 1:43 - loss: 0.9337
 7488/60000 [==>...........................] - ETA: 1:43 - loss: 0.9293
 7520/60000 [==>...........................] - ETA: 1:43 - loss: 0.9264
 7552/60000 [==>...........................] - ETA: 1:44 - loss: 0.9255
 7584/60000 [==>...........................] - ETA: 1:44 - loss: 0.9246
 7616/60000 [==>...........................] - ETA: 1:44 - loss: 0.9229
 7648/60000 [==>...........................] - ETA: 1:44 - loss: 0.9220
 7712/60000 [==>...........................] - ETA: 1:44 - loss: 0.9180
 7744/60000 [==>...........................] - ETA: 1:44 - loss: 0.9166
 7776/60000 [==>...........................] - ETA: 1:44 - loss: 0.9152
 7808/60000 [==>...........................] - ETA: 1:44 - loss: 0.9130
 7840/60000 [==>...........................] - ETA: 1:44 - loss: 0.9114
 7872/60000 [==>...........................] - ETA: 1:44 - loss: 0.9112
 7904/60000 [==>...........................] - ETA: 1:44 - loss: 0.9098
 7936/60000 [==>...........................] - ETA: 1:44 - loss: 0.9078
 7968/60000 [==>...........................] - ETA: 1:44 - loss: 0.9062
 8000/60000 [===>..........................] - ETA: 1:44 - loss: 0.9045
 8032/60000 [===>..........................] - ETA: 1:44 - loss: 0.9028
 8096/60000 [===>..........................] - ETA: 1:43 - loss: 0.8990
 8128/60000 [===>..........................] - ETA: 1:43 - loss: 0.8973
 8160/60000 [===>..........................] - ETA: 1:43 - loss: 0.8955
 8192/60000 [===>..........................] - ETA: 1:43 - loss: 0.8944Traceback (most recent call last):
  File "/Users/naveenmirapuri/PycharmProjects/SpearmintImplementation/Spearmint-master/spearmint/launcher.py", line 245, in launch
    result = python_launcher(job)
  File "/Users/naveenmirapuri/PycharmProjects/SpearmintImplementation/Spearmint-master/spearmint/launcher.py", line 329, in python_launcher
    result = module.main(job['id'], params)
  File "/Users/naveenmirapuri/PycharmProjects/SpearmintImplementation/Spearmint-master/MNIST/experiment.py", line 63, in main
    return calc_loss(int(params['filters']), int(params['num_units']))
  File "/Users/naveenmirapuri/PycharmProjects/SpearmintImplementation/Spearmint-master/MNIST/experiment.py", line 47, in calc_loss
    model.fit(X_train, Y_train, batch_size=32, epochs=10, verbose=1)
  File "/Library/Frameworks/Python.framework/Versions/2.7/lib/python2.7/site-packages/keras/engine/training.py", line 1037, in fit
    validation_steps=validation_steps)
  File "/Library/Frameworks/Python.framework/Versions/2.7/lib/python2.7/site-packages/keras/engine/training_arrays.py", line 199, in fit_loop
    outs = f(ins_batch)
  File "/Library/Frameworks/Python.framework/Versions/2.7/lib/python2.7/site-packages/keras/backend/tensorflow_backend.py", line 2666, in __call__
    return self._call(inputs)
  File "/Library/Frameworks/Python.framework/Versions/2.7/lib/python2.7/site-packages/keras/backend/tensorflow_backend.py", line 2636, in _call
    fetched = self._callable_fn(*array_vals)
  File "/Users/naveenmirapuri/tensorflow/lib/python2.7/site-packages/tensorflow/python/client/session.py", line 1382, in __call__
    run_metadata_ptr)
KeyboardInterrupt
Problem executing the function
(<type 'exceptions.KeyboardInterrupt'>, KeyboardInterrupt(), <traceback object at 0x124bd93b0>)
Job failed in 33.82 seconds.
